<?xml version="1.0" encoding="UTF-8"?>
<testsuite name="com.empikproject.domain.mapper.UserMapperTest" tests="3" skipped="0" failures="0" errors="0" timestamp="2023-10-02T18:46:02" hostname="krzysak-laptop" time="0.033">
  <properties/>
  <testcase name="[1] 6, 3, 5" classname="com.empikproject.domain.mapper.UserMapperTest" time="0.026"/>
  <testcase name="[2] 32, 8, 1.875" classname="com.empikproject.domain.mapper.UserMapperTest" time="0.001"/>
  <testcase name="[3] 21, 7, 2.571428571428571" classname="com.empikproject.domain.mapper.UserMapperTest" time="0.001"/>
  <system-out><![CDATA[]]></system-out>
  <system-err><![CDATA[]]></system-err>
</testsuite>
