<?xml version="1.0" encoding="UTF-8"?>
<testsuite name="com.empikproject.domain.service.UserServiceImplTest" tests="1" skipped="0" failures="0" errors="0" timestamp="2023-10-02T18:16:07" hostname="krzysak-laptop" time="0.049">
  <properties/>
  <testcase name="shouldGetUser_whenUserExistOnGithub()" classname="com.empikproject.domain.service.UserServiceImplTest" time="0.049"/>
  <system-out><![CDATA[]]></system-out>
  <system-err><![CDATA[]]></system-err>
</testsuite>
